#
# There is insufficient memory for the Java Runtime Environment to continue.
# Native memory allocation (mmap) failed to map 354418688 bytes for committing reserved memory.
# Possible reasons:
#   The system is out of physical RAM or swap space
#   In 32 bit mode, the process size limit was hit
# Possible solutions:
#   Reduce memory load on the system
#   Increase physical memory or swap space
#   Check if swap backing store is full
#   Use 64 bit Java on a 64 bit OS
#   Decrease Java heap size (-Xmx/-Xms)
#   Decrease number of Java threads
#   Decrease Java thread stack sizes (-Xss)
#   Set larger code cache with -XX:ReservedCodeCacheSize=
# This output file may be truncated or incomplete.
#
#  Out of Memory Error (os_linux.cpp:2627), pid=12337, tid=139795538863872
#
# JRE version: Java(TM) SE Runtime Environment (8.0_74-b02) (build 1.8.0_74-b02)
# Java VM: Java HotSpot(TM) 64-Bit Server VM (25.74-b02 mixed mode linux-amd64 compressed oops)
# Core dump written. Default location: /home/freak/Code/java/huff/core or core.12337
#

---------------  T H R E A D  ---------------

Current thread (0x00007f24cc076800):  VMThread [stack: 0x00007f24af5f6000,0x00007f24af6f7000] [id=12345]

Stack: [0x00007f24af5f6000,0x00007f24af6f7000],  sp=0x00007f24af6f5120,  free space=1020k
Native frames: (J=compiled Java code, j=interpreted, Vv=VM code, C=native code)
V  [libjvm.so+0xaba7ea]  VMError::report_and_die()+0x2ba
V  [libjvm.so+0x4f9e3b]  report_vm_out_of_memory(char const*, int, unsigned long, VMErrorType, char const*)+0x8b
V  [libjvm.so+0x91b613]  os::Linux::commit_memory_impl(char*, unsigned long, bool)+0x103
V  [libjvm.so+0x91bb69]  os::pd_commit_memory(char*, unsigned long, unsigned long, bool)+0x29
V  [libjvm.so+0x915e6a]  os::commit_memory(char*, unsigned long, unsigned long, bool)+0x2a
V  [libjvm.so+0x989543]  PSVirtualSpace::expand_by(unsigned long)+0x53
V  [libjvm.so+0x979e30]  PSOldGen::expand(unsigned long)+0x170
V  [libjvm.so+0x97a03b]  PSOldGen::resize(unsigned long)+0x1cb
V  [libjvm.so+0x981d11]  PSParallelCompact::invoke_no_policy(bool)+0x991
V  [libjvm.so+0x98766d]  PSScavenge::invoke()+0x1ad
V  [libjvm.so+0x93f300]  ParallelScavengeHeap::failed_mem_allocate(unsigned long)+0x70
V  [libjvm.so+0xabc207]  VM_ParallelGCFailedAllocation::doit()+0x97
V  [libjvm.so+0xac3c35]  VM_Operation::evaluate()+0x55
V  [libjvm.so+0xac200a]  VMThread::evaluate_operation(VM_Operation*)+0xba
V  [libjvm.so+0xac238e]  VMThread::loop()+0x1ce
V  [libjvm.so+0xac2800]  VMThread::run()+0x70
V  [libjvm.so+0x91d9d8]  java_start(Thread*)+0x108

VM_Operation (0x00007f24d3ae8e60): ParallelGCFailedAllocation, mode: safepoint, requested by thread 0x00007f24cc008800


---------------  P R O C E S S  ---------------

Java Threads: ( => current thread )
  0x00007f24600a6000 JavaThread "TimerQueue" daemon [_thread_blocked, id=12375, stack(0x00007f246f268000,0x00007f246f369000)]
  0x00007f24cc207800 JavaThread "AWT-XAWT" daemon [_thread_blocked, id=12370, stack(0x00007f24ac5ce000,0x00007f24ac6cf000)]
  0x00007f24cc1e6000 JavaThread "Java2D Disposer" daemon [_thread_blocked, id=12369, stack(0x00007f24acae0000,0x00007f24acbe1000)]
  0x00007f24cc141000 JavaThread "Monitor Ctrl-Break" daemon [_thread_in_native, id=12367, stack(0x00007f24ae953000,0x00007f24aea54000)]
  0x00007f24cc0d9000 JavaThread "Service Thread" daemon [_thread_blocked, id=12365, stack(0x00007f24aed57000,0x00007f24aee58000)]
  0x00007f24cc0bc000 JavaThread "C1 CompilerThread2" daemon [_thread_blocked, id=12361, stack(0x00007f24aee58000,0x00007f24aef59000)]
  0x00007f24cc0ba800 JavaThread "C2 CompilerThread1" daemon [_thread_blocked, id=12358, stack(0x00007f24aef59000,0x00007f24af05a000)]
  0x00007f24cc0b7800 JavaThread "C2 CompilerThread0" daemon [_thread_blocked, id=12356, stack(0x00007f24af05a000,0x00007f24af15b000)]
  0x00007f24cc0b6000 JavaThread "Signal Dispatcher" daemon [_thread_blocked, id=12355, stack(0x00007f24af15b000,0x00007f24af25c000)]
  0x00007f24cc083000 JavaThread "Finalizer" daemon [_thread_blocked, id=12350, stack(0x00007f24af3f4000,0x00007f24af4f5000)]
  0x00007f24cc07e800 JavaThread "Reference Handler" daemon [_thread_blocked, id=12347, stack(0x00007f24af4f5000,0x00007f24af5f6000)]
  0x00007f24cc008800 JavaThread "main" [_thread_blocked, id=12338, stack(0x00007f24d39ea000,0x00007f24d3aeb000)]

Other Threads:
=>0x00007f24cc076800 VMThread [stack: 0x00007f24af5f6000,0x00007f24af6f7000] [id=12345]
  0x00007f24cc0dc000 WatcherThread [stack: 0x00007f24aec56000,0x00007f24aed57000] [id=12366]

VM state:at safepoint (normal execution)

VM Mutex/Monitor currently owned by a thread:  ([mutex/lock_event])
[0x00007f24cc006220] ExpandHeap_lock - owner thread: 0x00007f24cc076800
[0x00007f24cc0068a0] Threads_lock - owner thread: 0x00007f24cc076800
[0x00007f24cc006da0] Heap_lock - owner thread: 0x00007f24cc008800

Heap:
 PSYoungGen      total 316416K, used 126475K [0x00000000d6f80000, 0x00000000f8380000, 0x0000000100000000)
  eden space 92672K, 0% used [0x00000000d6f80000,0x00000000d6f80000,0x00000000dca00000)
  from space 223744K, 56% used [0x00000000ea480000,0x00000000f2002c60,0x00000000f7f00000)
  to   space 223744K, 0% used [0x00000000dca00000,0x00000000dca00000,0x00000000ea480000)
 ParOldGen       total 750592K, used 750138K [0x0000000084e00000, 0x00000000b2b00000, 0x00000000d6f80000)
  object space 750592K, 99% used [0x0000000084e00000,0x00000000b2a8eac0,0x00000000b2b00000)
 Metaspace       used 12504K, capacity 12740K, committed 12928K, reserved 1060864K
  class space    used 1505K, capacity 1577K, committed 1664K, reserved 1048576K

Card table byte_map: [0x00007f24d0a27000,0x00007f24d0e01000] byte_map_base: 0x00007f24d0600000

Marking Bits: (ParMarkBitMap*) 0x00007f24d2eeb260
 Begin Bits: [0x00007f24b4270000, 0x00007f24b6138000)
 End Bits:   [0x00007f24b6138000, 0x00007f24b8000000)

Polling page: 0x00007f24d3b0f000

CodeCache: size=245760Kb used=2791Kb max_used=2792Kb free=242968Kb
 bounds [0x00007f24bd000000, 0x00007f24bd2c0000, 0x00007f24cc000000]
 total_blobs=1264 nmethods=704 adapters=474
 compilation: enabled

Compilation events (10 events):
Event: 4.517 Thread 0x00007f24cc0ba800  699 %     4       com.HuffmanCoding.HuffmanCoding::createHuffmanTree @ 4 (66 bytes)
Event: 4.545 Thread 0x00007f24cc0ba800 nmethod 699% 0x00007f24bd2bb910 code [0x00007f24bd2bbac0, 0x00007f24bd2bca68]
Event: 4.640 Thread 0x00007f24cc0bc000  701   !   3       sun.awt.X11.UnsafeXDisposerRecord::dispose (246 bytes)
Event: 4.642 Thread 0x00007f24cc0bc000 nmethod 701 0x00007f24bd2ba050 code [0x00007f24bd2ba2a0, 0x00007f24bd2bb118]
Event: 17.698 Thread 0x00007f24cc0bc000  703       3       sun.awt.X11.XDropTargetEventProcessor::processEvent (18 bytes)
Event: 17.698 Thread 0x00007f24cc0bc000 nmethod 703 0x00007f24bd2b0cd0 code [0x00007f24bd2b0e40, 0x00007f24bd2b1028]
Event: 17.698 Thread 0x00007f24cc0bc000  704   !   3       sun.awt.X11.XDragSourceContextPeer::processEvent (34 bytes)
Event: 17.699 Thread 0x00007f24cc0bc000 nmethod 704 0x00007f24bd2ae210 code [0x00007f24bd2ae420, 0x00007f24bd2aee98]
Event: 18.867 Thread 0x00007f24cc0bc000  705       3       java.util.Arrays::copyOf (13 bytes)
Event: 18.868 Thread 0x00007f24cc0bc000 nmethod 705 0x00007f24bd2b0890 code [0x00007f24bd2b0a00, 0x00007f24bd2b0c08]

GC Heap History (10 events):
Event: 27.519 GC heap after
Heap after GC invocations=10 (full 4):
 PSYoungGen      total 207872K, used 55753K [0x00000000d6f80000, 0x00000000f2380000, 0x0000000100000000)
  eden space 96256K, 0% used [0x00000000d6f80000,0x00000000d6f80000,0x00000000dcd80000)
  from space 111616K, 49% used [0x00000000e5900000,0x00000000e8f72600,0x00000000ec600000)
  to   space 142848K, 0% used [0x00000000dcd80000,0x00000000dcd80000,0x00000000e5900000)
 ParOldGen       total 750592K, used 488064K [0x0000000084e00000, 0x00000000b2b00000, 0x00000000d6f80000)
  object space 750592K, 65% used [0x0000000084e00000,0x00000000a2aa0140,0x00000000b2b00000)
 Metaspace       used 12504K, capacity 12740K, committed 12928K, reserved 1060864K
  class space    used 1505K, capacity 1577K, committed 1664K, reserved 1048576K
}
Event: 27.765 GC heap before
{Heap before GC invocations=11 (full 4):
 PSYoungGen      total 207872K, used 152009K [0x00000000d6f80000, 0x00000000f2380000, 0x0000000100000000)
  eden space 96256K, 100% used [0x00000000d6f80000,0x00000000dcd80000,0x00000000dcd80000)
  from space 111616K, 49% used [0x00000000e5900000,0x00000000e8f72600,0x00000000ec600000)
  to   space 142848K, 0% used [0x00000000dcd80000,0x00000000dcd80000,0x00000000e5900000)
 ParOldGen       total 750592K, used 488064K [0x0000000084e00000, 0x00000000b2b00000, 0x00000000d6f80000)
  object space 750592K, 65% used [0x0000000084e00000,0x00000000a2aa0140,0x00000000b2b00000)
 Metaspace       used 12504K, capacity 12740K, committed 12928K, reserved 1060864K
  class space    used 1505K, capacity 1577K, committed 1664K, reserved 1048576K
Event: 29.216 GC heap after
Heap after GC invocations=11 (full 4):
 PSYoungGen      total 239104K, used 142848K [0x00000000d6f80000, 0x00000000f3980000, 0x0000000100000000)
  eden space 96256K, 0% used [0x00000000d6f80000,0x00000000d6f80000,0x00000000dcd80000)
  from space 142848K, 100% used [0x00000000dcd80000,0x00000000e5900000,0x00000000e5900000)
  to   space 175104K, 0% used [0x00000000e8e80000,0x00000000e8e80000,0x00000000f3980000)
 ParOldGen       total 750592K, used 497432K [0x0000000084e00000, 0x00000000b2b00000, 0x00000000d6f80000)
  object space 750592K, 66% used [0x0000000084e00000,0x00000000a33c6140,0x00000000b2b00000)
 Metaspace       used 12504K, capacity 12740K, committed 12928K, reserved 1060864K
  class space    used 1505K, capacity 1577K, committed 1664K, reserved 1048576K
}
Event: 29.475 GC heap before
{Heap before GC invocations=12 (full 4):
 PSYoungGen      total 239104K, used 239104K [0x00000000d6f80000, 0x00000000f3980000, 0x0000000100000000)
  eden space 96256K, 100% used [0x00000000d6f80000,0x00000000dcd80000,0x00000000dcd80000)
  from space 142848K, 100% used [0x00000000dcd80000,0x00000000e5900000,0x00000000e5900000)
  to   space 175104K, 0% used [0x00000000e8e80000,0x00000000e8e80000,0x00000000f3980000)
 ParOldGen       total 750592K, used 497432K [0x0000000084e00000, 0x00000000b2b00000, 0x00000000d6f80000)
  object space 750592K, 66% used [0x0000000084e00000,0x00000000a33c6140,0x00000000b2b00000)
 Metaspace       used 12504K, capacity 12740K, committed 12928K, reserved 1060864K
  class space    used 1505K, capacity 1577K, committed 1664K, reserved 1048576K
Event: 31.510 GC heap after
Heap after GC invocations=12 (full 4):
 PSYoungGen      total 245248K, used 175104K [0x00000000d6f80000, 0x00000000fa780000, 0x0000000100000000)
  eden space 70144K, 0% used [0x00000000d6f80000,0x00000000d6f80000,0x00000000db400000)
  from space 175104K, 100% used [0x00000000e8e80000,0x00000000f3980000,0x00000000f3980000)
  to   space 223744K, 0% used [0x00000000db400000,0x00000000db400000,0x00000000e8e80000)
 ParOldGen       total 750592K, used 561760K [0x0000000084e00000, 0x00000000b2b00000, 0x00000000d6f80000)
  object space 750592K, 74% used [0x0000000084e00000,0x00000000a7298140,0x00000000b2b00000)
 Metaspace       used 12504K, capacity 12740K, committed 12928K, reserved 1060864K
  class space    used 1505K, capacity 1577K, committed 1664K, reserved 1048576K
}
Event: 31.655 GC heap before
{Heap before GC invocations=13 (full 4):
 PSYoungGen      total 245248K, used 245248K [0x00000000d6f80000, 0x00000000fa780000, 0x0000000100000000)
  eden space 70144K, 100% used [0x00000000d6f80000,0x00000000db400000,0x00000000db400000)
  from space 175104K, 100% used [0x00000000e8e80000,0x00000000f3980000,0x00000000f3980000)
  to   space 223744K, 0% used [0x00000000db400000,0x00000000db400000,0x00000000e8e80000)
 ParOldGen       total 750592K, used 561760K [0x0000000084e00000, 0x00000000b2b00000, 0x00000000d6f80000)
  object space 750592K, 74% used [0x0000000084e00000,0x00000000a7298140,0x00000000b2b00000)
 Metaspace       used 12504K, capacity 12740K, committed 12928K, reserved 1060864K
  class space    used 1505K, capacity 1577K, committed 1664K, reserved 1048576K
Event: 33.431 GC heap after
Heap after GC invocations=13 (full 4):
 PSYoungGen      total 293888K, used 223744K [0x00000000d6f80000, 0x00000000f7f00000, 0x0000000100000000)
  eden space 70144K, 0% used [0x00000000d6f80000,0x00000000d6f80000,0x00000000db400000)
  from space 223744K, 100% used [0x00000000db400000,0x00000000e8e80000,0x00000000e8e80000)
  to   space 223744K, 0% used [0x00000000ea480000,0x00000000ea480000,0x00000000f7f00000)
 ParOldGen       total 750592K, used 583400K [0x0000000084e00000, 0x00000000b2b00000, 0x00000000d6f80000)
  object space 750592K, 77% used [0x0000000084e00000,0x00000000a87ba140,0x00000000b2b00000)
 Metaspace       used 12504K, capacity 12740K, committed 12928K, reserved 1060864K
  class space    used 1505K, capacity 1577K, committed 1664K, reserved 1048576K
}
Event: 33.588 GC heap before
{Heap before GC invocations=14 (full 4):
 PSYoungGen      total 293888K, used 293888K [0x00000000d6f80000, 0x00000000f7f00000, 0x0000000100000000)
  eden space 70144K, 100% used [0x00000000d6f80000,0x00000000db400000,0x00000000db400000)
  from space 223744K, 100% used [0x00000000db400000,0x00000000e8e80000,0x00000000e8e80000)
  to   space 223744K, 0% used [0x00000000ea480000,0x00000000ea480000,0x00000000f7f00000)
 ParOldGen       total 750592K, used 583400K [0x0000000084e00000, 0x00000000b2b00000, 0x00000000d6f80000)
  object space 750592K, 77% used [0x0000000084e00000,0x00000000a87ba140,0x00000000b2b00000)
 Metaspace       used 12504K, capacity 12740K, committed 12928K, reserved 1060864K
  class space    used 1505K, capacity 1577K, committed 1664K, reserved 1048576K
Event: 36.171 GC heap after
Heap after GC invocations=14 (full 4):
 PSYoungGen      total 316416K, used 140480K [0x00000000d6f80000, 0x00000000f8380000, 0x0000000100000000)
  eden space 92672K, 0% used [0x00000000d6f80000,0x00000000d6f80000,0x00000000dca00000)
  from space 223744K, 62% used [0x00000000ea480000,0x00000000f2db0000,0x00000000f7f00000)
  to   space 223744K, 0% used [0x00000000dca00000,0x00000000dca00000,0x00000000ea480000)
 ParOldGen       total 750592K, used 737336K [0x0000000084e00000, 0x00000000b2b00000, 0x00000000d6f80000)
  object space 750592K, 98% used [0x0000000084e00000,0x00000000b1e0e140,0x00000000b2b00000)
 Metaspace       used 12504K, capacity 12740K, committed 12928K, reserved 1060864K
  class space    used 1505K, capacity 1577K, committed 1664K, reserved 1048576K
}
Event: 36.171 GC heap before
{Heap before GC invocations=15 (full 5):
 PSYoungGen      total 316416K, used 140480K [0x00000000d6f80000, 0x00000000f8380000, 0x0000000100000000)
  eden space 92672K, 0% used [0x00000000d6f80000,0x00000000d6f80000,0x00000000dca00000)
  from space 223744K, 62% used [0x00000000ea480000,0x00000000f2db0000,0x00000000f7f00000)
  to   space 223744K, 0% used [0x00000000dca00000,0x00000000dca00000,0x00000000ea480000)
 ParOldGen       total 750592K, used 737336K [0x0000000084e00000, 0x00000000b2b00000, 0x00000000d6f80000)
  object space 750592K, 98% used [0x0000000084e00000,0x00000000b1e0e140,0x00000000b2b00000)
 Metaspace       used 12504K, capacity 12740K, committed 12928K, reserved 1060864K
  class space    used 1505K, capacity 1577K, committed 1664K, reserved 1048576K

Deoptimization events (8 events):
Event: 1.275 Thread 0x00007f24cc008800 Uncommon trap: reason=unstable_if action=reinterpret pc=0x00007f24bd1d80ac method=java.lang.AbstractStringBuilder.append(Ljava/lang/String;)Ljava/lang/AbstractStringBuilder; @ 1
Event: 1.276 Thread 0x00007f24cc008800 Uncommon trap: reason=unstable_if action=reinterpret pc=0x00007f24bd1c8de0 method=java.lang.AbstractStringBuilder.append(Ljava/lang/String;)Ljava/lang/AbstractStringBuilder; @ 1
Event: 3.353 Thread 0x00007f24cc277800 Uncommon trap: reason=unstable_if action=reinterpret pc=0x00007f24bd26c02c method=java.util.HashMap.getNode(ILjava/lang/Object;)Ljava/util/HashMap$Node; @ 129
Event: 3.353 Thread 0x00007f24cc277800 Uncommon trap: reason=unstable_if action=reinterpret pc=0x00007f24bd24a940 method=java.util.HashMap.getNode(ILjava/lang/Object;)Ljava/util/HashMap$Node; @ 129
Event: 3.422 Thread 0x00007f24cc277800 Uncommon trap: reason=class_check action=maybe_recompile pc=0x00007f24bd1740f0 method=java.lang.String.equals(Ljava/lang/Object;)Z @ 8
Event: 3.422 Thread 0x00007f24cc277800 Uncommon trap: reason=class_check action=maybe_recompile pc=0x00007f24bd1740f0 method=java.lang.String.equals(Ljava/lang/Object;)Z @ 8
Event: 4.446 Thread 0x00007f24cc277800 Uncommon trap: reason=class_check action=maybe_recompile pc=0x00007f24bd1740f0 method=java.lang.String.equals(Ljava/lang/Object;)Z @ 8
Event: 4.446 Thread 0x00007f24cc277800 Uncommon trap: reason=class_check action=maybe_recompile pc=0x00007f24bd1740f0 method=java.lang.String.equals(Ljava/lang/Object;)Z @ 8

Internal exceptions (10 events):
Event: 0.346 Thread 0x00007f24cc008800 Exception <a 'java/security/PrivilegedActionException'> (0x00000000d716b490) thrown at [/HUDSON3/workspace/8-2-build-linux-amd64/jdk8u74/6087/hotspot/src/share/vm/prims/jvm.cpp, line 1386]
Event: 0.356 Thread 0x00007f24cc008800 Exception <a 'java/security/PrivilegedActionException'> (0x00000000d716d978) thrown at [/HUDSON3/workspace/8-2-build-linux-amd64/jdk8u74/6087/hotspot/src/share/vm/prims/jvm.cpp, line 1386]
Event: 0.356 Thread 0x00007f24cc008800 Exception <a 'java/security/PrivilegedActionException'> (0x00000000d716db88) thrown at [/HUDSON3/workspace/8-2-build-linux-amd64/jdk8u74/6087/hotspot/src/share/vm/prims/jvm.cpp, line 1386]
Event: 0.514 Thread 0x00007f24cc008800 Exception <a 'java/lang/NoSuchFieldError': method resolution failed> (0x00000000d7239598) thrown at [/HUDSON3/workspace/8-2-build-linux-amd64/jdk8u74/6087/hotspot/src/share/vm/prims/methodHandles.cpp, line 1146]
Event: 0.530 Thread 0x00007f24cc008800 Exception <a 'java/lang/NoSuchFieldError': method resolution failed> (0x00000000d7246ce8) thrown at [/HUDSON3/workspace/8-2-build-linux-amd64/jdk8u74/6087/hotspot/src/share/vm/prims/methodHandles.cpp, line 1146]
Event: 0.609 Thread 0x00007f24cc008800 Exception <a 'java/io/FileNotFoundException'> (0x00000000d72c3550) thrown at [/HUDSON3/workspace/8-2-build-linux-amd64/jdk8u74/6087/hotspot/src/share/vm/prims/jni.cpp, line 709]
Event: 0.609 Thread 0x00007f24cc008800 Exception <a 'java/io/FileNotFoundException'> (0x00000000d72c3ee0) thrown at [/HUDSON3/workspace/8-2-build-linux-amd64/jdk8u74/6087/hotspot/src/share/vm/prims/jni.cpp, line 709]
Event: 1.275 Thread 0x00007f24cc008800 Implicit null exception at 0x00007f24bd1d7d35 to 0x00007f24bd1d8099
Event: 1.276 Thread 0x00007f24cc008800 Implicit null exception at 0x00007f24bd1c8a75 to 0x00007f24bd1c8dcd
Event: 1.715 Thread 0x00007f24cc277800 Exception <a 'java/lang/UnsupportedOperationException': > (0x00000000d75ca1d8) thrown at [/HUDSON3/workspace/8-2-build-linux-amd64/jdk8u74/6087/hotspot/src/share/vm/prims/jni.cpp, line 735]

Events (10 events):
Event: 18.763 Executing VM operation: ParallelGCFailedAllocation done
Event: 19.079 Executing VM operation: ParallelGCFailedAllocation
Event: 27.524 Executing VM operation: ParallelGCFailedAllocation done
Event: 27.764 Executing VM operation: ParallelGCFailedAllocation
Event: 29.216 Executing VM operation: ParallelGCFailedAllocation done
Event: 29.475 Executing VM operation: ParallelGCFailedAllocation
Event: 31.510 Executing VM operation: ParallelGCFailedAllocation done
Event: 31.655 Executing VM operation: ParallelGCFailedAllocation
Event: 33.431 Executing VM operation: ParallelGCFailedAllocation done
Event: 33.588 Executing VM operation: ParallelGCFailedAllocation


Dynamic libraries:
00400000-00401000 r-xp 00000000 fe:00 15339757                           /usr/lib/jvm/java-8-jdk/jre/bin/java
00600000-00601000 rw-p 00000000 fe:00 15339757                           /usr/lib/jvm/java-8-jdk/jre/bin/java
007fa000-0081b000 rw-p 00000000 00:00 0                                  [heap]
84e00000-b2b00000 rw-p 00000000 00:00 0 
c7d00000-d6f80000 ---p 00000000 00:00 0 
d6f80000-f8380000 rw-p 00000000 00:00 0 
f8380000-100000000 ---p 00000000 00:00 0 
100000000-1001a0000 rw-p 00000000 00:00 0 
1001a0000-140000000 ---p 00000000 00:00 0 
7f2460000000-7f24603df000 rw-p 00000000 00:00 0 
7f24603df000-7f2464000000 ---p 00000000 00:00 0 
7f2464000000-7f2464021000 rw-p 00000000 00:00 0 
7f2464021000-7f2468000000 ---p 00000000 00:00 0 
7f2468000000-7f2468021000 rw-p 00000000 00:00 0 
7f2468021000-7f246c000000 ---p 00000000 00:00 0 
7f246e668000-7f246e6d7000 r-xp 00000000 fe:00 15215608                   /usr/lib/libpcre.so.1.2.6
7f246e6d7000-7f246e8d6000 ---p 0006f000 fe:00 15215608                   /usr/lib/libpcre.so.1.2.6
7f246e8d6000-7f246e8d7000 r--p 0006e000 fe:00 15215608                   /usr/lib/libpcre.so.1.2.6
7f246e8d7000-7f246e8d8000 rw-p 0006f000 fe:00 15215608                   /usr/lib/libpcre.so.1.2.6
7f246eb04000-7f246ec10000 r-xp 00000000 fe:00 15207038                   /usr/lib/libglib-2.0.so.0.4600.2
7f246ec10000-7f246ee0f000 ---p 0010c000 fe:00 15207038                   /usr/lib/libglib-2.0.so.0.4600.2
7f246ee0f000-7f246ee10000 r--p 0010b000 fe:00 15207038                   /usr/lib/libglib-2.0.so.0.4600.2
7f246ee10000-7f246ee11000 rw-p 0010c000 fe:00 15207038                   /usr/lib/libglib-2.0.so.0.4600.2
7f246ee11000-7f246ee12000 rw-p 00000000 00:00 0 
7f246f268000-7f246f26b000 ---p 00000000 00:00 0 
7f246f26b000-7f246f469000 rw-p 00000000 00:00 0 
7f246f469000-7f246f569000 ---p 00000000 00:00 0 
7f246f569000-7f246f769000 rw-p 00000000 00:00 0 
7f246f769000-7f246f76c000 ---p 00000000 00:00 0 
7f246f76c000-7f246f86a000 rw-p 00000000 00:00 0 
7f246f86a000-7f246f86d000 ---p 00000000 00:00 0 
7f246f86d000-7f246f96b000 rw-p 00000000 00:00 0 
7f246f96b000-7f246f9d4000 r-xp 00000000 fe:00 15339427                   /usr/lib/jvm/java-8-jdk/jre/lib/amd64/libt2k.so
7f246f9d4000-7f246fbd4000 ---p 00069000 fe:00 15339427                   /usr/lib/jvm/java-8-jdk/jre/lib/amd64/libt2k.so
7f246fbd4000-7f246fbdb000 rw-p 00069000 fe:00 15339427                   /usr/lib/jvm/java-8-jdk/jre/lib/amd64/libt2k.so
7f246fbdb000-7f246fbeb000 rw-p 00000000 00:00 0 
7f246fbeb000-7f246fbfc000 r-xp 00000000 fe:00 15339456                   /usr/lib/jvm/java-8-jdk/jre/lib/amd64/libnio.so
7f246fbfc000-7f246fdfb000 ---p 00011000 fe:00 15339456                   /usr/lib/jvm/java-8-jdk/jre/lib/amd64/libnio.so
7f246fdfb000-7f246fdfc000 rw-p 00010000 fe:00 15339456                   /usr/lib/jvm/java-8-jdk/jre/lib/amd64/libnio.so
7f246fdfc000-7f246fe00000 r-xp 00000000 fe:00 15206327                   /usr/lib/libcap.so.2.25
7f246fe00000-7f246ffff000 ---p 00004000 fe:00 15206327                   /usr/lib/libcap.so.2.25
7f246ffff000-7f2470000000 rw-p 00003000 fe:00 15206327                   /usr/lib/libcap.so.2.25
7f2470000000-7f247002c000 rw-p 00000000 00:00 0 
7f247002c000-7f2474000000 ---p 00000000 00:00 0 
7f2474000000-7f2474021000 rw-p 00000000 00:00 0 
7f2474021000-7f2478000000 ---p 00000000 00:00 0 
7f2478000000-7f2478021000 rw-p 00000000 00:00 0 
7f2478021000-7f247c000000 ---p 00000000 00:00 0 
7f247c000000-7f247c021000 rw-p 00000000 00:00 0 
7f247c021000-7f2480000000 ---p 00000000 00:00 0 
7f2480000000-7f2480021000 rw-p 00000000 00:00 0 
7f2480021000-7f2484000000 ---p 00000000 00:00 0 
7f2484000000-7f2484021000 rw-p 00000000 00:00 0 
7f2484021000-7f2488000000 ---p 00000000 00:00 0 
7f2488000000-7f2488502000 rw-p 00000000 00:00 0 
7f2488502000-7f248c000000 ---p 00000000 00:00 0 
7f248c000000-7f248c4fd000 rw-p 00000000 00:00 0 
7f248c4fd000-7f2490000000 ---p 00000000 00:00 0 
7f2490000000-7f2490021000 rw-p 00000000 00:00 0 
7f2490021000-7f2494000000 ---p 00000000 00:00 0 
7f2494000000-7f2494147000 rw-p 00000000 00:00 0 
7f2494147000-7f2498000000 ---p 00000000 00:00 0 
7f2498000000-7f2498021000 rw-p 00000000 00:00 0 
7f2498021000-7f249c000000 ---p 00000000 00:00 0 
7f249c000000-7f249c021000 rw-p 00000000 00:00 0 
7f249c021000-7f24a0000000 ---p 00000000 00:00 0 
7f24a0000000-7f24a3568000 rw-p 00000000 00:00 0 
7f24a3568000-7f24a4000000 ---p 00000000 00:00 0 
7f24a4000000-7f24a428c000 rw-p 00000000 00:00 0 
7f24a428c000-7f24a8000000 ---p 00000000 00:00 0 
7f24a8000000-7f24abd88000 rw-p 00000000 00:00 0 
7f24abd88000-7f24ac000000 ---p 00000000 00:00 0 
7f24ac0b0000-7f24ac0c4000 r-xp 00000000 fe:00 15233429                   /usr/lib/libresolv-2.23.so
7f24ac0c4000-7f24ac2c3000 ---p 00014000 fe:00 15233429                   /usr/lib/libresolv-2.23.so
7f24ac2c3000-7f24ac2c4000 r--p 00013000 fe:00 15233429                   /usr/lib/libresolv-2.23.so
7f24ac2c4000-7f24ac2c5000 rw-p 00014000 fe:00 15233429                   /usr/lib/libresolv-2.23.so
7f24ac2c5000-7f24ac2c7000 rw-p 00000000 00:00 0 
7f24ac2c7000-7f24ac2cc000 r-xp 00000000 fe:00 15233413                   /usr/lib/libnss_dns-2.23.so
7f24ac2cc000-7f24ac4cb000 ---p 00005000 fe:00 15233413                   /usr/lib/libnss_dns-2.23.so
7f24ac4cb000-7f24ac4cc000 r--p 00004000 fe:00 15233413                   /usr/lib/libnss_dns-2.23.so
7f24ac4cc000-7f24ac4cd000 rw-p 00005000 fe:00 15233413                   /usr/lib/libnss_dns-2.23.so
7f24ac4cd000-7f24ac4d0000 ---p 00000000 00:00 0 
7f24ac4d0000-7f24ac5ce000 rw-p 00000000 00:00 0 
7f24ac5ce000-7f24ac5d1000 ---p 00000000 00:00 0 
7f24ac5d1000-7f24ac6cf000 rw-p 00000000 00:00 0 
7f24ac6cf000-7f24ac6d4000 r-xp 00000000 fe:00 15228979                   /usr/lib/libXfixes.so.3.1.0
7f24ac6d4000-7f24ac8d3000 ---p 00005000 fe:00 15228979                   /usr/lib/libXfixes.so.3.1.0
7f24ac8d3000-7f24ac8d4000 r--p 00004000 fe:00 15228979                   /usr/lib/libXfixes.so.3.1.0
7f24ac8d4000-7f24ac8d5000 rw-p 00005000 fe:00 15228979                   /usr/lib/libXfixes.so.3.1.0
7f24ac8d5000-7f24ac8df000 r-xp 00000000 fe:00 15230080                   /usr/lib/libXcursor.so.1.0.2
7f24ac8df000-7f24acade000 ---p 0000a000 fe:00 15230080                   /usr/lib/libXcursor.so.1.0.2
7f24acade000-7f24acadf000 r--p 00009000 fe:00 15230080                   /usr/lib/libXcursor.so.1.0.2
7f24acadf000-7f24acae0000 rw-p 0000a000 fe:00 15230080                   /usr/lib/libXcursor.so.1.0.2
7f24acae0000-7f24acae3000 ---p 00000000 00:00 0 
7f24acae3000-7f24acbe1000 rw-p 00000000 00:00 0 
7f24acbe1000-7f24acbf7000 r-xp 00000000 fe:00 15207879                   /usr/lib/libgcc_s.so.1
7f24acbf7000-7f24acdf6000 ---p 00016000 fe:00 15207879                   /usr/lib/libgcc_s.so.1
7f24acdf6000-7f24acdf7000 rw-p 00015000 fe:00 15207879                   /usr/lib/libgcc_s.so.1
7f24acdf7000-7f24ace5c000 r-xp 00000000 fe:00 15339462                   /usr/lib/jvm/java-8-jdk/jre/lib/amd64/libfontmanager.so
7f24ace5c000-7f24ad05b000 ---p 00065000 fe:00 15339462                   /usr/lib/jvm/java-8-jdk/jre/lib/amd64/libfontmanager.so
7f24ad05b000-7f24ad060000 rw-p 00064000 fe:00 15339462                   /usr/lib/jvm/java-8-jdk/jre/lib/amd64/libfontmanager.so
7f24ad060000-7f24ad070000 rw-p 00000000 00:00 0 
7f24ad070000-7f24ad075000 r-xp 00000000 fe:00 15225155                   /usr/lib/libXdmcp.so.6.0.0
7f24ad075000-7f24ad274000 ---p 00005000 fe:00 15225155                   /usr/lib/libXdmcp.so.6.0.0
7f24ad274000-7f24ad275000 r--p 00004000 fe:00 15225155                   /usr/lib/libXdmcp.so.6.0.0
7f24ad275000-7f24ad276000 rw-p 00005000 fe:00 15225155                   /usr/lib/libXdmcp.so.6.0.0
7f24ad276000-7f24ad278000 r-xp 00000000 fe:00 15225243                   /usr/lib/libXau.so.6.0.0
7f24ad278000-7f24ad478000 ---p 00002000 fe:00 15225243                   /usr/lib/libXau.so.6.0.0
7f24ad478000-7f24ad479000 r--p 00002000 fe:00 15225243                   /usr/lib/libXau.so.6.0.0
7f24ad479000-7f24ad47a000 rw-p 00003000 fe:00 15225243                   /usr/lib/libXau.so.6.0.0
7f24ad47a000-7f24ad49b000 r-xp 00000000 fe:00 15227570                   /usr/lib/libxcb.so.1.1.0
7f24ad49b000-7f24ad69b000 ---p 00021000 fe:00 15227570                   /usr/lib/libxcb.so.1.1.0
7f24ad69b000-7f24ad69c000 r--p 00021000 fe:00 15227570                   /usr/lib/libxcb.so.1.1.0
7f24ad69c000-7f24ad69d000 rw-p 00022000 fe:00 15227570                   /usr/lib/libxcb.so.1.1.0
7f24ad69d000-7f24ad6ac000 r-xp 00000000 fe:00 15230175                   /usr/lib/libXi.so.6.1.0
7f24ad6ac000-7f24ad8ab000 ---p 0000f000 fe:00 15230175                   /usr/lib/libXi.so.6.1.0
7f24ad8ab000-7f24ad8ac000 r--p 0000e000 fe:00 15230175                   /usr/lib/libXi.so.6.1.0
7f24ad8ac000-7f24ad8ad000 rw-p 0000f000 fe:00 15230175                   /usr/lib/libXi.so.6.1.0
7f24ad8ad000-7f24ad8b2000 r-xp 00000000 fe:00 15230193                   /usr/lib/libXtst.so.6.1.0
7f24ad8b2000-7f24adab1000 ---p 00005000 fe:00 15230193                   /usr/lib/libXtst.so.6.1.0
7f24adab1000-7f24adab2000 r--p 00004000 fe:00 15230193                   /usr/lib/libXtst.so.6.1.0
7f24adab2000-7f24adab3000 rw-p 00005000 fe:00 15230193                   /usr/lib/libXtst.so.6.1.0
7f24adab3000-7f24adabc000 r-xp 00000000 fe:00 15229708                   /usr/lib/libXrender.so.1.3.0
7f24adabc000-7f24adcbb000 ---p 00009000 fe:00 15229708                   /usr/lib/libXrender.so.1.3.0
7f24adcbb000-7f24adcbc000 r--p 00008000 fe:00 15229708                   /usr/lib/libXrender.so.1.3.0
7f24adcbc000-7f24adcbd000 rw-p 00009000 fe:00 15229708                   /usr/lib/libXrender.so.1.3.0
7f24adcbd000-7f24addf8000 r-xp 00000000 fe:00 15227651                   /usr/lib/libX11.so.6.3.0
7f24addf8000-7f24adff7000 ---p 0013b000 fe:00 15227651                   /usr/lib/libX11.so.6.3.0
7f24adff7000-7f24adff9000 r--p 0013a000 fe:00 15227651                   /usr/lib/libX11.so.6.3.0
7f24adff9000-7f24adffe000 rw-p 0013c000 fe:00 15227651                   /usr/lib/libX11.so.6.3.0
7f24adffe000-7f24adfff000 rw-p 00000000 00:00 0 
7f24adfff000-7f24ae010000 r-xp 00000000 fe:00 15228945                   /usr/lib/libXext.so.6.4.0
7f24ae010000-7f24ae20f000 ---p 00011000 fe:00 15228945                   /usr/lib/libXext.so.6.4.0
7f24ae20f000-7f24ae210000 r--p 00010000 fe:00 15228945                   /usr/lib/libXext.so.6.4.0
7f24ae210000-7f24ae211000 rw-p 00011000 fe:00 15228945                   /usr/lib/libXext.so.6.4.0
7f24ae211000-7f24ae265000 r-xp 00000000 fe:00 15339454                   /usr/lib/jvm/java-8-jdk/jre/lib/amd64/libawt_xawt.so
7f24ae265000-7f24ae465000 ---p 00054000 fe:00 15339454                   /usr/lib/jvm/java-8-jdk/jre/lib/amd64/libawt_xawt.so
7f24ae465000-7f24ae469000 rw-p 00054000 fe:00 15339454                   /usr/lib/jvm/java-8-jdk/jre/lib/amd64/libawt_xawt.so
7f24ae469000-7f24ae46a000 rw-p 00000000 00:00 0 
7f24ae46a000-7f24ae50c000 r-xp 00000000 fe:00 15339345                   /usr/lib/jvm/java-8-jdk/jre/lib/amd64/libawt.so
7f24ae50c000-7f24ae70c000 ---p 000a2000 fe:00 15339345                   /usr/lib/jvm/java-8-jdk/jre/lib/amd64/libawt.so
7f24ae70c000-7f24ae718000 rw-p 000a2000 fe:00 15339345                   /usr/lib/jvm/java-8-jdk/jre/lib/amd64/libawt.so
7f24ae718000-7f24ae73c000 rw-p 00000000 00:00 0 
7f24ae73c000-7f24ae752000 r-xp 00000000 fe:00 15339485                   /usr/lib/jvm/java-8-jdk/jre/lib/amd64/libnet.so
7f24ae752000-7f24ae952000 ---p 00016000 fe:00 15339485                   /usr/lib/jvm/java-8-jdk/jre/lib/amd64/libnet.so
7f24ae952000-7f24ae953000 rw-p 00016000 fe:00 15339485                   /usr/lib/jvm/java-8-jdk/jre/lib/amd64/libnet.so
7f24ae953000-7f24ae956000 ---p 00000000 00:00 0 
7f24ae956000-7f24aea54000 rw-p 00000000 00:00 0 
7f24aea54000-7f24aea55000 r-xp 00000000 fe:00 23070688                   /home/freak/.idea/bin/libbreakgen64.so
7f24aea55000-7f24aec54000 ---p 00001000 fe:00 23070688                   /home/freak/.idea/bin/libbreakgen64.so
7f24aec54000-7f24aec55000 r--p 00000000 fe:00 23070688                   /home/freak/.idea/bin/libbreakgen64.so
7f24aec55000-7f24aec56000 rw-p 00001000 fe:00 23070688                   /home/freak/.idea/bin/libbreakgen64.so
7f24aec56000-7f24aec57000 ---p 00000000 00:00 0 
7f24aec57000-7f24aed57000 rw-p 00000000 00:00 0 
7f24aed57000-7f24aed5a000 ---p 00000000 00:00 0 
7f24aed5a000-7f24aee58000 rw-p 00000000 00:00 0 
7f24aee58000-7f24aee5b000 ---p 00000000 00:00 0 
7f24aee5b000-7f24aef59000 rw-p 00000000 00:00 0 
7f24aef59000-7f24aef5c000 ---p 00000000 00:00 0 
7f24aef5c000-7f24af05a000 rw-p 00000000 00:00 0 
7f24af05a000-7f24af05d000 ---p 00000000 00:00 0 
7f24af05d000-7f24af15b000 rw-p 00000000 00:00 0 
7f24af15b000-7f24af15e000 ---p 00000000 00:00 0 
7f24af15e000-7f24af25c000 rw-p 00000000 00:00 0 
7f24af25c000-7f24af3f4000 r--p 00000000 fe:00 15235371                   /usr/lib/locale/locale-archive
7f24af3f4000-7f24af3f7000 ---p 00000000 00:00 0 
7f24af3f7000-7f24af4f5000 rw-p 00000000 00:00 0 
7f24af4f5000-7f24af4f8000 ---p 00000000 00:00 0 
7f24af4f8000-7f24af5f6000 rw-p 00000000 00:00 0 
7f24af5f6000-7f24af5f7000 ---p 00000000 00:00 0 
7f24af5f7000-7f24b0000000 rw-p 00000000 00:00 0 
7f24b0000000-7f24b319e000 rw-p 00000000 00:00 0 
7f24b319e000-7f24b4000000 ---p 00000000 00:00 0 
7f24b405a000-7f24b406a000 r-xp 00000000 fe:00 15207554                   /usr/lib/libnss_myhostname.so.2
7f24b406a000-7f24b406b000 ---p 00010000 fe:00 15207554                   /usr/lib/libnss_myhostname.so.2
7f24b406b000-7f24b406d000 r--p 00010000 fe:00 15207554                   /usr/lib/libnss_myhostname.so.2
7f24b406d000-7f24b406e000 rw-p 00012000 fe:00 15207554                   /usr/lib/libnss_myhostname.so.2
7f24b406e000-7f24b8000000 rw-p 00000000 00:00 0 
7f24b8000000-7f24b8111000 rw-p 00000000 00:00 0 
7f24b8111000-7f24bc000000 ---p 00000000 00:00 0 
7f24bc023000-7f24bd000000 rw-p 00000000 00:00 0 
7f24bd000000-7f24bd2c0000 rwxp 00000000 00:00 0 
7f24bd2c0000-7f24cc000000 ---p 00000000 00:00 0 
7f24cc000000-7f24cc2e1000 rw-p 00000000 00:00 0 
7f24cc2e1000-7f24d0000000 ---p 00000000 00:00 0 
7f24d0000000-7f24d0031000 rw-p 00000000 00:00 0 
7f24d0031000-7f24d0043000 r--s 00345000 fe:00 15339264                   /usr/lib/jvm/java-8-jdk/jre/lib/resources.jar
7f24d0043000-7f24d0056000 r--s 000d6000 fe:00 15339265                   /usr/lib/jvm/java-8-jdk/jre/lib/plugin.jar
7f24d0056000-7f24d0071000 r--s 00208000 fe:00 15339267                   /usr/lib/jvm/java-8-jdk/jre/lib/deploy.jar
7f24d0071000-7f24d0144000 rw-p 00000000 00:00 0 
7f24d0144000-7f24d031c000 r--s 03d1d000 fe:00 15339275                   /usr/lib/jvm/java-8-jdk/jre/lib/rt.jar
7f24d031c000-7f24d0392000 rw-p 00000000 00:00 0 
7f24d0392000-7f24d0393000 ---p 00000000 00:00 0 
7f24d0393000-7f24d0493000 rw-p 00000000 00:00 0 
7f24d0493000-7f24d0494000 ---p 00000000 00:00 0 
7f24d0494000-7f24d0594000 rw-p 00000000 00:00 0 
7f24d0594000-7f24d0595000 ---p 00000000 00:00 0 
7f24d0595000-7f24d0695000 rw-p 00000000 00:00 0 
7f24d0695000-7f24d0696000 ---p 00000000 00:00 0 
7f24d0696000-7f24d0905000 rw-p 00000000 00:00 0 
7f24d0905000-7f24d0a27000 ---p 00000000 00:00 0 
7f24d0a27000-7f24d0b96000 rw-p 00000000 00:00 0 
7f24d0b96000-7f24d0cb7000 ---p 00000000 00:00 0 
7f24d0cb7000-7f24d0dc2000 rw-p 00000000 00:00 0 
7f24d0dc2000-7f24d0e00000 ---p 00000000 00:00 0 
7f24d0e00000-7f24d0e0c000 rw-p 00000000 00:00 0 
7f24d0e0c000-7f24d11c1000 ---p 00000000 00:00 0 
7f24d11c1000-7f24d11db000 r-xp 00000000 fe:00 15339458                   /usr/lib/jvm/java-8-jdk/jre/lib/amd64/libzip.so
7f24d11db000-7f24d13db000 ---p 0001a000 fe:00 15339458                   /usr/lib/jvm/java-8-jdk/jre/lib/amd64/libzip.so
7f24d13db000-7f24d13dc000 rw-p 0001a000 fe:00 15339458                   /usr/lib/jvm/java-8-jdk/jre/lib/amd64/libzip.so
7f24d13dc000-7f24d13e7000 r-xp 00000000 fe:00 15233414                   /usr/lib/libnss_files-2.23.so
7f24d13e7000-7f24d15e6000 ---p 0000b000 fe:00 15233414                   /usr/lib/libnss_files-2.23.so
7f24d15e6000-7f24d15e7000 r--p 0000a000 fe:00 15233414                   /usr/lib/libnss_files-2.23.so
7f24d15e7000-7f24d15e8000 rw-p 0000b000 fe:00 15233414                   /usr/lib/libnss_files-2.23.so
7f24d15e8000-7f24d15ee000 rw-p 00000000 00:00 0 
7f24d15ee000-7f24d1618000 r-xp 00000000 fe:00 15339434                   /usr/lib/jvm/java-8-jdk/jre/lib/amd64/libjava.so
7f24d1618000-7f24d1818000 ---p 0002a000 fe:00 15339434                   /usr/lib/jvm/java-8-jdk/jre/lib/amd64/libjava.so
7f24d1818000-7f24d181a000 rw-p 0002a000 fe:00 15339434                   /usr/lib/jvm/java-8-jdk/jre/lib/amd64/libjava.so
7f24d181a000-7f24d1827000 r-xp 00000000 fe:00 15339484                   /usr/lib/jvm/java-8-jdk/jre/lib/amd64/libverify.so
7f24d1827000-7f24d1a27000 ---p 0000d000 fe:00 15339484                   /usr/lib/jvm/java-8-jdk/jre/lib/amd64/libverify.so
7f24d1a27000-7f24d1a29000 rw-p 0000d000 fe:00 15339484                   /usr/lib/jvm/java-8-jdk/jre/lib/amd64/libverify.so
7f24d1a29000-7f24d1a30000 r-xp 00000000 fe:00 15233430                   /usr/lib/librt-2.23.so
7f24d1a30000-7f24d1c2f000 ---p 00007000 fe:00 15233430                   /usr/lib/librt-2.23.so
7f24d1c2f000-7f24d1c30000 r--p 00006000 fe:00 15233430                   /usr/lib/librt-2.23.so
7f24d1c30000-7f24d1c31000 rw-p 00007000 fe:00 15233430                   /usr/lib/librt-2.23.so
7f24d1c31000-7f24d1d34000 r-xp 00000000 fe:00 15233427                   /usr/lib/libm-2.23.so
7f24d1d34000-7f24d1f34000 ---p 00103000 fe:00 15233427                   /usr/lib/libm-2.23.so
7f24d1f34000-7f24d1f35000 r--p 00103000 fe:00 15233427                   /usr/lib/libm-2.23.so
7f24d1f35000-7f24d1f36000 rw-p 00104000 fe:00 15233427                   /usr/lib/libm-2.23.so
7f24d1f36000-7f24d2bf5000 r-xp 00000000 fe:00 15339499                   /usr/lib/jvm/java-8-jdk/jre/lib/amd64/server/libjvm.so
7f24d2bf5000-7f24d2df4000 ---p 00cbf000 fe:00 15339499                   /usr/lib/jvm/java-8-jdk/jre/lib/amd64/server/libjvm.so
7f24d2df4000-7f24d2ecd000 rw-p 00cbe000 fe:00 15339499                   /usr/lib/jvm/java-8-jdk/jre/lib/amd64/server/libjvm.so
7f24d2ecd000-7f24d2f16000 rw-p 00000000 00:00 0 
7f24d2f16000-7f24d30ae000 r-xp 00000000 fe:00 15207831                   /usr/lib/libc-2.23.so
7f24d30ae000-7f24d32ad000 ---p 00198000 fe:00 15207831                   /usr/lib/libc-2.23.so
7f24d32ad000-7f24d32b1000 r--p 00197000 fe:00 15207831                   /usr/lib/libc-2.23.so
7f24d32b1000-7f24d32b3000 rw-p 0019b000 fe:00 15207831                   /usr/lib/libc-2.23.so
7f24d32b3000-7f24d32b7000 rw-p 00000000 00:00 0 
7f24d32b7000-7f24d32b9000 r-xp 00000000 fe:00 15233420                   /usr/lib/libdl-2.23.so
7f24d32b9000-7f24d34b9000 ---p 00002000 fe:00 15233420                   /usr/lib/libdl-2.23.so
7f24d34b9000-7f24d34ba000 r--p 00002000 fe:00 15233420                   /usr/lib/libdl-2.23.so
7f24d34ba000-7f24d34bb000 rw-p 00003000 fe:00 15233420                   /usr/lib/libdl-2.23.so
7f24d34bb000-7f24d34d0000 r-xp 00000000 fe:00 15339497                   /usr/lib/jvm/java-8-jdk/jre/lib/amd64/jli/libjli.so
7f24d34d0000-7f24d36d0000 ---p 00015000 fe:00 15339497                   /usr/lib/jvm/java-8-jdk/jre/lib/amd64/jli/libjli.so
7f24d36d0000-7f24d36d1000 rw-p 00015000 fe:00 15339497                   /usr/lib/jvm/java-8-jdk/jre/lib/amd64/jli/libjli.so
7f24d36d1000-7f24d36e9000 r-xp 00000000 fe:00 15207808                   /usr/lib/libpthread-2.23.so
7f24d36e9000-7f24d38e8000 ---p 00018000 fe:00 15207808                   /usr/lib/libpthread-2.23.so
7f24d38e8000-7f24d38e9000 r--p 00017000 fe:00 15207808                   /usr/lib/libpthread-2.23.so
7f24d38e9000-7f24d38ea000 rw-p 00018000 fe:00 15207808                   /usr/lib/libpthread-2.23.so
7f24d38ea000-7f24d38ee000 rw-p 00000000 00:00 0 
7f24d38ee000-7f24d3911000 r-xp 00000000 fe:00 15207828                   /usr/lib/ld-2.23.so
7f24d3916000-7f24d3918000 r--s 0001e000 fe:00 23201611                   /home/freak/.idea/lib/idea_rt.jar
7f24d3918000-7f24d3919000 r--s 00000000 fe:00 15339272                   /usr/lib/jvm/java-8-jdk/jre/lib/management-agent.jar
7f24d3919000-7f24d391d000 r--s 00097000 fe:00 15339278                   /usr/lib/jvm/java-8-jdk/jre/lib/jsse.jar
7f24d391d000-7f24d391f000 r--s 00007000 fe:00 15339273                   /usr/lib/jvm/java-8-jdk/jre/lib/jfxswt.jar
7f24d391f000-7f24d39ea000 rw-p 00000000 00:00 0 
7f24d39ea000-7f24d39ed000 ---p 00000000 00:00 0 
7f24d39ed000-7f24d3aef000 rw-p 00000000 00:00 0 
7f24d3aef000-7f24d3af4000 r--s 00084000 fe:00 15339270                   /usr/lib/jvm/java-8-jdk/jre/lib/jfr.jar
7f24d3af4000-7f24d3af7000 r--s 0001a000 fe:00 15339261                   /usr/lib/jvm/java-8-jdk/jre/lib/jce.jar
7f24d3af7000-7f24d3b00000 r--s 0006c000 fe:00 15339268                   /usr/lib/jvm/java-8-jdk/jre/lib/javaws.jar
7f24d3b00000-7f24d3b06000 r--s 002f8000 fe:00 15339277                   /usr/lib/jvm/java-8-jdk/jre/lib/charsets.jar
7f24d3b06000-7f24d3b0e000 rw-s 00000000 00:22 42256                      /tmp/hsperfdata_freak/12337
7f24d3b0e000-7f24d3b0f000 rw-p 00000000 00:00 0 
7f24d3b0f000-7f24d3b10000 ---p 00000000 00:00 0 
7f24d3b10000-7f24d3b11000 rw-p 00000000 00:00 0 
7f24d3b11000-7f24d3b12000 r--p 00023000 fe:00 15207828                   /usr/lib/ld-2.23.so
7f24d3b12000-7f24d3b13000 rw-p 00024000 fe:00 15207828                   /usr/lib/ld-2.23.so
7f24d3b13000-7f24d3b14000 rw-p 00000000 00:00 0 
7ffd1ce54000-7ffd1ce75000 rw-p 00000000 00:00 0                          [stack]
7ffd1ceda000-7ffd1cedd000 r--p 00000000 00:00 0                          [vvar]
7ffd1cedd000-7ffd1cedf000 r-xp 00000000 00:00 0                          [vdso]
ffffffffff600000-ffffffffff601000 r-xp 00000000 00:00 0                  [vsyscall]

VM Arguments:
jvm_args: -Didea.launcher.port=7532 -Didea.launcher.bin.path=/home/freak/.idea/bin -Dfile.encoding=UTF-8 
java_command: com.intellij.rt.execution.application.AppMain com.HuffmanCoding.HuffmanCoding
java_class_path (initial): /usr/lib/jvm/java-8-jdk/jre/lib/charsets.jar:/usr/lib/jvm/java-8-jdk/jre/lib/deploy.jar:/usr/lib/jvm/java-8-jdk/jre/lib/ext/cldrdata.jar:/usr/lib/jvm/java-8-jdk/jre/lib/ext/dnsns.jar:/usr/lib/jvm/java-8-jdk/jre/lib/ext/jaccess.jar:/usr/lib/jvm/java-8-jdk/jre/lib/ext/jfxrt.jar:/usr/lib/jvm/java-8-jdk/jre/lib/ext/localedata.jar:/usr/lib/jvm/java-8-jdk/jre/lib/ext/nashorn.jar:/usr/lib/jvm/java-8-jdk/jre/lib/ext/sunec.jar:/usr/lib/jvm/java-8-jdk/jre/lib/ext/sunjce_provider.jar:/usr/lib/jvm/java-8-jdk/jre/lib/ext/sunpkcs11.jar:/usr/lib/jvm/java-8-jdk/jre/lib/ext/zipfs.jar:/usr/lib/jvm/java-8-jdk/jre/lib/javaws.jar:/usr/lib/jvm/java-8-jdk/jre/lib/jce.jar:/usr/lib/jvm/java-8-jdk/jre/lib/jfr.jar:/usr/lib/jvm/java-8-jdk/jre/lib/jfxswt.jar:/usr/lib/jvm/java-8-jdk/jre/lib/jsse.jar:/usr/lib/jvm/java-8-jdk/jre/lib/management-agent.jar:/usr/lib/jvm/java-8-jdk/jre/lib/plugin.jar:/usr/lib/jvm/java-8-jdk/jre/lib/resources.jar:/usr/lib/jvm/java-8-jdk/jre/lib/rt.jar:/home/freak/Code/java/huff/out/production/huff:/home/freak/.idea/lib/idea_rt.jar
Launcher Type: SUN_STANDARD

Environment Variables:
PATH=/home/freak/bin:/home/freak/.idea/bin:/home/freak/.clion/bin:/usr/local/bin:/usr/local/sbin:/usr/bin:/usr/bin/site_perl:/usr/bin/vendor_perl:/usr/bin/core_perl
LD_LIBRARY_PATH=/home/freak/.idea/bin:
SHELL=/bin/zsh
DISPLAY=:0

Signal Handlers:
SIGSEGV: [libjvm.so+0xabb070], sa_mask[0]=11111111011111111101111111111110, sa_flags=SA_RESTART|SA_SIGINFO
SIGBUS: [libjvm.so+0xabb070], sa_mask[0]=11111111011111111101111111111110, sa_flags=SA_RESTART|SA_SIGINFO
SIGFPE: [libjvm.so+0x918480], sa_mask[0]=11111111011111111101111111111110, sa_flags=SA_RESTART|SA_SIGINFO
SIGPIPE: [libjvm.so+0x918480], sa_mask[0]=11111111011111111101111111111110, sa_flags=SA_RESTART|SA_SIGINFO
SIGXFSZ: [libjvm.so+0x918480], sa_mask[0]=11111111011111111101111111111110, sa_flags=SA_RESTART|SA_SIGINFO
SIGILL: [libjvm.so+0x918480], sa_mask[0]=11111111011111111101111111111110, sa_flags=SA_RESTART|SA_SIGINFO
SIGUSR1: SIG_DFL, sa_mask[0]=00000000000000000000000000000000, sa_flags=none
SIGUSR2: [libjvm.so+0x919ab0], sa_mask[0]=00100000000000000000000000000000, sa_flags=SA_RESTART|SA_SIGINFO
SIGHUP: [libjvm.so+0x91aeb0], sa_mask[0]=11111111011111111101111111111110, sa_flags=SA_RESTART|SA_SIGINFO
SIGINT: [libjvm.so+0x91aeb0], sa_mask[0]=11111111011111111101111111111110, sa_flags=SA_RESTART|SA_SIGINFO
SIGTERM: [libjvm.so+0x91aeb0], sa_mask[0]=11111111011111111101111111111110, sa_flags=SA_RESTART|SA_SIGINFO
SIGQUIT: [libjvm.so+0x91aeb0], sa_mask[0]=11111111011111111101111111111110, sa_flags=SA_RESTART|SA_SIGINFO


---------------  S Y S T E M  ---------------

OS:NAME="Arch Linux"
ID=arch
PRETTY_NAME="Arch Linux"
ANSI_COLOR="0;36"
HOME_URL="https://www.archlinux.org/"
SUPPORT_URL="https://bbs.archlinux.org/"
BUG_REPORT_URL="https://bugs.archlinux.org/"


uname:Linux 4.5.0-1-ARCH #1 SMP PREEMPT Tue Mar 15 09:41:03 CET 2016 x86_64
libc:glibc 2.23 NPTL 2.23 
rlimit: STACK 8192k, CORE infinity, NPROC 31299, NOFILE 4096, AS infinity
load average:10.85 6.30 2.88

/proc/meminfo:
MemTotal:        8060936 kB
MemFree:           55016 kB
MemAvailable:     264840 kB
Buffers:           13792 kB
Cached:           401748 kB
SwapCached:            0 kB
Active:          7587628 kB
Inactive:         263128 kB
Active(anon):    7462548 kB
Inactive(anon):   141528 kB
Active(file):     125080 kB
Inactive(file):   121600 kB
Unevictable:           0 kB
Mlocked:               0 kB
SwapTotal:             0 kB
SwapFree:              0 kB
Dirty:             41072 kB
Writeback:             0 kB
AnonPages:       7349804 kB
Mapped:           189116 kB
Shmem:            168696 kB
Slab:              65488 kB
SReclaimable:      42968 kB
SUnreclaim:        22520 kB
KernelStack:        6128 kB
PageTables:        22172 kB
NFS_Unstable:          0 kB
Bounce:                0 kB
WritebackTmp:          0 kB
CommitLimit:     4030468 kB
Committed_AS:    8277212 kB
VmallocTotal:   34359738367 kB
VmallocUsed:           0 kB
VmallocChunk:          0 kB
HardwareCorrupted:     0 kB
AnonHugePages:   5793792 kB
HugePages_Total:       0
HugePages_Free:        0
HugePages_Rsvd:        0
HugePages_Surp:        0
Hugepagesize:       2048 kB
DirectMap4k:       69064 kB
DirectMap2M:     4005888 kB
DirectMap1G:     4194304 kB


CPU:total 4 (2 cores per cpu, 2 threads per core) family 6 model 69 stepping 1, cmov, cx8, fxsr, mmx, sse, sse2, sse3, ssse3, sse4.1, sse4.2, popcnt, avx, avx2, aes, clmul, erms, lzcnt, ht, tsc, tscinvbit, bmi1, bmi2

/proc/cpuinfo:
processor	: 0
vendor_id	: GenuineIntel
cpu family	: 6
model		: 69
model name	: Intel(R) Core(TM) i7-4510U CPU @ 2.00GHz
stepping	: 1
microcode	: 0x17
cpu MHz		: 2199.945
cache size	: 4096 KB
physical id	: 0
siblings	: 4
core id		: 0
cpu cores	: 2
apicid		: 0
initial apicid	: 0
fpu		: yes
fpu_exception	: yes
cpuid level	: 13
wp		: yes
flags		: fpu vme de pse tsc msr pae mce cx8 apic sep mtrr pge mca cmov pat pse36 clflush dts acpi mmx fxsr sse sse2 ss ht tm pbe syscall nx pdpe1gb rdtscp lm constant_tsc arch_perfmon pebs bts rep_good nopl xtopology nonstop_tsc aperfmperf eagerfpu pni pclmulqdq dtes64 monitor ds_cpl vmx est tm2 ssse3 sdbg fma cx16 xtpr pdcm pcid sse4_1 sse4_2 movbe popcnt tsc_deadline_timer aes xsave avx f16c rdrand lahf_lm abm epb tpr_shadow vnmi flexpriority ept vpid fsgsbase tsc_adjust bmi1 avx2 smep bmi2 erms invpcid xsaveopt dtherm ida arat pln pts
bugs		:
bogomips	: 5189.53
clflush size	: 64
cache_alignment	: 64
address sizes	: 39 bits physical, 48 bits virtual
power management:

processor	: 1
vendor_id	: GenuineIntel
cpu family	: 6
model		: 69
model name	: Intel(R) Core(TM) i7-4510U CPU @ 2.00GHz
stepping	: 1
microcode	: 0x17
cpu MHz		: 2199.945
cache size	: 4096 KB
physical id	: 0
siblings	: 4
core id		: 1
cpu cores	: 2
apicid		: 2
initial apicid	: 2
fpu		: yes
fpu_exception	: yes
cpuid level	: 13
wp		: yes
flags		: fpu vme de pse tsc msr pae mce cx8 apic sep mtrr pge mca cmov pat pse36 clflush dts acpi mmx fxsr sse sse2 ss ht tm pbe syscall nx pdpe1gb rdtscp lm constant_tsc arch_perfmon pebs bts rep_good nopl xtopology nonstop_tsc aperfmperf eagerfpu pni pclmulqdq dtes64 monitor ds_cpl vmx est tm2 ssse3 sdbg fma cx16 xtpr pdcm pcid sse4_1 sse4_2 movbe popcnt tsc_deadline_timer aes xsave avx f16c rdrand lahf_lm abm epb tpr_shadow vnmi flexpriority ept vpid fsgsbase tsc_adjust bmi1 avx2 smep bmi2 erms invpcid xsaveopt dtherm ida arat pln pts
bugs		:
bogomips	: 5189.53
clflush size	: 64
cache_alignment	: 64
address sizes	: 39 bits physical, 48 bits virtual
power management:

processor	: 2
vendor_id	: GenuineIntel
cpu family	: 6
model		: 69
model name	: Intel(R) Core(TM) i7-4510U CPU @ 2.00GHz
stepping	: 1
microcode	: 0x17
cpu MHz		: 2199.945
cache size	: 4096 KB
physical id	: 0
siblings	: 4
core id		: 0
cpu cores	: 2
apicid		: 1
initial apicid	: 1
fpu		: yes
fpu_exception	: yes
cpuid level	: 13
wp		: yes
flags		: fpu vme de pse tsc msr pae mce cx8 apic sep mtrr pge mca cmov pat pse36 clflush dts acpi mmx fxsr sse sse2 ss ht tm pbe syscall nx pdpe1gb rdtscp lm constant_tsc arch_perfmon pebs bts rep_good nopl xtopology nonstop_tsc aperfmperf eagerfpu pni pclmulqdq dtes64 monitor ds_cpl vmx est tm2 ssse3 sdbg fma cx16 xtpr pdcm pcid sse4_1 sse4_2 movbe popcnt tsc_deadline_timer aes xsave avx f16c rdrand lahf_lm abm epb tpr_shadow vnmi flexpriority ept vpid fsgsbase tsc_adjust bmi1 avx2 smep bmi2 erms invpcid xsaveopt dtherm ida arat pln pts
bugs		:
bogomips	: 5189.53
clflush size	: 64
cache_alignment	: 64
address sizes	: 39 bits physical, 48 bits virtual
power management:

processor	: 3
vendor_id	: GenuineIntel
cpu family	: 6
model		: 69
model name	: Intel(R) Core(TM) i7-4510U CPU @ 2.00GHz
stepping	: 1
microcode	: 0x17
cpu MHz		: 2337.968
cache size	: 4096 KB
physical id	: 0
siblings	: 4
core id		: 1
cpu cores	: 2
apicid		: 3
initial apicid	: 3
fpu		: yes
fpu_exception	: yes
cpuid level	: 13
wp		: yes
flags		: fpu vme de pse tsc msr pae mce cx8 apic sep mtrr pge mca cmov pat pse36 clflush dts acpi mmx fxsr sse sse2 ss ht tm pbe syscall nx pdpe1gb rdtscp lm constant_tsc arch_perfmon pebs bts rep_good nopl xtopology nonstop_tsc aperfmperf eagerfpu pni pclmulqdq dtes64 monitor ds_cpl vmx est tm2 ssse3 sdbg fma cx16 xtpr pdcm pcid sse4_1 sse4_2 movbe popcnt tsc_deadline_timer aes xsave avx f16c rdrand lahf_lm abm epb tpr_shadow vnmi flexpriority ept vpid fsgsbase tsc_adjust bmi1 avx2 smep bmi2 erms invpcid xsaveopt dtherm ida arat pln pts
bugs		:
bogomips	: 5189.53
clflush size	: 64
cache_alignment	: 64
address sizes	: 39 bits physical, 48 bits virtual
power management:



Memory: 4k page, physical 8060936k(55016k free), swap 0k(0k free)

vm_info: Java HotSpot(TM) 64-Bit Server VM (25.74-b02) for linux-amd64 JRE (1.8.0_74-b02), built on Jan 29 2016 19:20:56 by "java_re" with gcc 4.3.0 20080428 (Red Hat 4.3.0-8)

time: Tue Mar 29 13:03:58 2016
elapsed time: 53 seconds (0d 0h 0m 53s)

